GROUP,PACKAGE,CLASS,INSTRUCTION_MISSED,INSTRUCTION_COVERED,BRANCH_MISSED,BRANCH_COVERED,LINE_MISSED,LINE_COVERED,COMPLEXITY_MISSED,COMPLEXITY_COVERED,METHOD_MISSED,METHOD_COVERED
persistence_g2_7,edu.uga.miage.m1.polygons.gui,GUIHelper.new WindowAdapter() {...},6,0,0,0,3,0,2,0,2,0
persistence_g2_7,edu.uga.miage.m1.polygons.gui,DrawTool,144,8,24,0,37,3,20,1,8,1
persistence_g2_7,edu.uga.miage.m1.polygons.gui,JDrawingFrame,339,0,0,0,76,0,14,0,14,0
persistence_g2_7,edu.uga.miage.m1.polygons.gui,DrawingPanel,67,0,2,0,15,0,3,0,2,0
persistence_g2_7,edu.uga.miage.m1.polygons.gui,App,6,0,0,0,3,0,2,0,2,0
persistence_g2_7,edu.uga.miage.m1.polygons.gui,GUIHelper,18,0,0,0,6,0,1,0,1,0
persistence_g2_7,edu.uga.miage.m1.polygons.gui.persistence,JSonVisitor,15,62,0,0,4,18,1,6,1,6
persistence_g2_7,edu.uga.miage.m1.polygons.gui.persistence,XMLVisitor,27,153,0,0,8,33,2,8,2,8
persistence_g2_7,edu.uga.miage.m1.polygons.gui.listeners,UndoAction,45,0,6,0,13,0,5,0,2,0
persistence_g2_7,edu.uga.miage.m1.polygons.gui.listeners,CursorButtonListener,29,0,0,0,10,0,3,0,3,0
persistence_g2_7,edu.uga.miage.m1.polygons.gui.listeners,PanelMouseListener,222,0,21,0,56,0,23,0,11,0
persistence_g2_7,edu.uga.miage.m1.polygons.gui.listeners,ShapeButtonListener,65,0,4,0,19,0,5,0,3,0
persistence_g2_7,edu.uga.miage.m1.polygons.gui.commands,MoveShapeCommand,33,0,0,0,8,0,3,0,3,0
persistence_g2_7,edu.uga.miage.m1.polygons.gui.commands,DrawShapeCommand,29,23,4,0,9,8,5,1,3,1
persistence_g2_7,edu.uga.miage.m1.polygons.gui.shapes,Shapes,44,0,0,0,2,0,1,0,1,0
persistence_g2_7,edu.uga.miage.m1.polygons.gui.shapes,Triangle,49,178,2,2,13,25,6,6,5,5
persistence_g2_7,edu.uga.miage.m1.polygons.gui.shapes,Square,76,88,2,0,17,17,7,4,6,4
persistence_g2_7,edu.uga.miage.m1.polygons.gui.shapes,Cube,108,0,8,0,21,0,14,0,10,0
persistence_g2_7,edu.uga.miage.m1.polygons.gui.shapes,Circle,76,94,2,0,17,17,7,4,6,4
persistence_g2_7,edu.uga.miage.m1.polygons.gui.listeners.exports,JsonActionListener,77,0,2,0,22,0,5,0,4,0
persistence_g2_7,edu.uga.miage.m1.polygons.gui.listeners.exports,XMLActionListener,139,0,2,0,41,0,6,0,5,0
